\BOOKMARK [0][]{chapter.1}{\376\377\000B\000e\000v\000e\000z\000e\000t\001\121}{}% 1
\BOOKMARK [1][]{section.1.1}{\376\377\000P\000\351\000l\000d\000a\000\040\000f\000e\000j\000e\000z\000e\000t}{chapter.1}% 2
\BOOKMARK [0][]{chapter.2}{\376\377\000E\000l\000m\000\351\000l\000e\000t\000i\000\040\000m\000e\000g\000a\000l\000a\000p\000o\000z\000\341\000s\000\040\000\351\000s\000\040\000s\000z\000a\000k\000i\000r\000o\000d\000a\000l\000m\000i\000\040\000t\000a\000n\000u\000l\000m\000\341\000n\000y}{}% 3
\BOOKMARK [1][]{section.2.1}{\376\377\000B\000e\000\351\000p\000\355\000t\000e\000t\000t\000\040\000s\000z\000o\000f\000t\000v\000e\000r\000e\000k\000,\000\040\000k\000\366\000n\000y\000v\000t\000\341\000r\000a\000k}{chapter.2}% 4
\BOOKMARK [2][]{subsection.2.1.1}{\376\377\000M\000a\000t\000l\000a\000b\000\040\000-\000\040\000o\000d\000e\0004\0005}{section.2.1}% 5
\BOOKMARK [2][]{subsection.2.1.2}{\376\377\000B\000o\000o\000s\000t\000\040\000-\000\040\000O\000d\000e\000i\000n\000t}{section.2.1}% 6
\BOOKMARK [1][]{section.2.2}{\376\377\000P\000\351\000l\000d\000a\000\040\000k\000\363\000d\000r\000\351\000s\000z\000l\000e\000t\000r\000e}{chapter.2}% 7
\BOOKMARK [0][]{chapter.3}{\376\377\000A\000\040\000r\000e\000n\000d\000s\000z\000e\000r\000\040\000s\000p\000e\000c\000i\000f\000i\000k\000\341\000c\000i\000\363\000j\000a}{}% 8
\BOOKMARK [1][]{section.3.1}{\376\377\000F\000e\000l\000h\000a\000s\000z\000n\000\341\000l\000\363\000i\000\040\000k\000\366\000v\000e\000t\000e\000l\000m\000\351\000n\000y\000e\000k}{chapter.3}% 9
\BOOKMARK [1][]{section.3.2}{\376\377\000R\000e\000n\000d\000s\000z\000e\000r\000k\000\366\000v\000e\000t\000e\000l\000m\000\351\000n\000y\000e\000k}{chapter.3}% 10
\BOOKMARK [1][]{section.3.3}{\376\377\000P\000\351\000l\000d\000a}{chapter.3}% 11
\BOOKMARK [0][]{chapter.4}{\376\377\000T\000e\000r\000v\000e\000z\000\351\000s\000\040}{}% 12
\BOOKMARK [0][]{chapter.5}{\376\377\000K\000i\000v\000i\000t\000e\000l\000e\000z\000\351\000s}{}% 13
\BOOKMARK [1][]{section.5.1}{\376\377\000P\000\351\000l\000d\000\341\000k}{chapter.5}% 14
\BOOKMARK [1][]{section.5.2}{\376\377\000P\000\351\000l\000d\000a\000\040\0002}{chapter.5}% 15
\BOOKMARK [2][]{subsection.5.2.1}{\376\377\000A\000l\000f\000e\000j\000e\000z\000e\000t\000e\000k\000r\000e\000\040\000p\000\351\000l\000d\000a}{section.5.2}% 16
\BOOKMARK [2][]{subsection.5.2.2}{\376\377\000A\000l\000f\000e\000j\000e\000z\000e\000t\000\040\0002}{section.5.2}% 17
\BOOKMARK [0][]{chapter.6}{\376\377\000M\000\351\000r\000\351\000s\000e\000k}{}% 18
\BOOKMARK [1][]{section.6.1}{\376\377\000P\000\351\000l\000d\000a}{chapter.6}% 19
\BOOKMARK [1][]{section.6.2}{\376\377\000S\000z\000o\000f\000t\000v\000e\000r\000e\000k\000\040\000\366\000s\000s\000z\000e\000h\000a\000s\000o\000n\000l\000\355\000t\000\341\000s\000a}{chapter.6}% 20
\BOOKMARK [0][]{chapter*.18}{\376\377\000\326\000s\000s\000z\000e\000f\000o\000g\000l\000a\000l\000\363}{}% 21
\BOOKMARK [1][]{section.6.3}{\376\377\000P\000\351\000l\000d\000a}{chapter*.18}% 22
\BOOKMARK [0][]{chapter*.19}{\376\377\000K\000\366\000s\000z\000\366\000n\000e\000t\000n\000y\000i\000l\000v\000\341\000n\000\355\000t\000\341\000s}{}% 23
\BOOKMARK [0][]{chapter*.20}{\376\377\000\301\000b\000r\000\341\000k\000\040\000j\000e\000g\000y\000z\000\351\000k\000e}{}% 24
\BOOKMARK [0][]{chapter*.21}{\376\377\000T\000\341\000b\000l\000\341\000z\000a\000t\000o\000k\000\040\000j\000e\000g\000y\000z\000\351\000k\000e}{}% 25
\BOOKMARK [0][]{chapter*.21}{\376\377\000I\000r\000o\000d\000a\000l\000o\000m\000j\000e\000g\000y\000z\000\351\000k}{}% 26
\BOOKMARK [0][]{appendix*.22}{\376\377\000F\000\374\000g\000g\000e\000l\000\351\000k}{}% 27
\BOOKMARK [1][]{section.F.1}{\376\377\000A\000\040\000T\000e\000X\000s\000t\000u\000d\000i\000o\000\040\000f\000e\000l\000\374\000l\000e\000t\000e}{appendix*.22}% 28
\BOOKMARK [1][]{section.F.2}{\376\377\000V\000\341\000l\000a\000s\000z\000\040\000a\000z\000\040\000,\000,\000\311\000l\000e\000t\000,\000\040\000a\000\040\000v\000i\000l\000\341\000g\000m\000i\000n\000d\000e\000n\000s\000\351\000g\000,\000\040\000m\000e\000g\000\040\000m\000i\000n\000d\000e\000n\000'\000'\000\040\000k\000\351\000r\000d\000\351\000s\000\351\000r\000e}{appendix*.22}% 29
